Der Buildvorgang wurde am 05.08.2016 17:07:02 gestartet.
     1>Projekt "E:\Ostertag\Dropbox\Workspace\Hochschule\Informatik\Informatik_2\SpaceMarineSurvivor\SpaceMarineSurvivor\SpaceMarineSurvivor.vcxproj" auf Knoten "2", Build Ziel(e).
     1>ClCompile:
         C:\Program Files (x86)\Microsoft Visual Studio 12.0\VC\bin\CL.exe /c /ZI /nologo /W3 /WX- /sdl /Od /Oy- /D _MBCS /Gm /EHsc /RTC1 /MDd /GS /fp:precise /Zc:wchar_t /Zc:forScope /Fo"Debug\\" /Fd"Debug\vc120.pdb" /Gd /TP /analyze- /errorReport:prompt StoryMode.cpp
         StoryMode.cpp
       Link:
         C:\Program Files (x86)\Microsoft Visual Studio 12.0\VC\bin\link.exe /ERRORREPORT:PROMPT /OUT:"E:\Ostertag\Dropbox\Workspace\Hochschule\Informatik\Informatik_2\SpaceMarineSurvivor\Debug\SpaceMarineSurvivor.exe" /INCREMENTAL /NOLOGO kernel32.lib user32.lib gdi32.lib winspool.lib comdlg32.lib advapi32.lib shell32.lib ole32.lib oleaut32.lib uuid.lib odbc32.lib odbccp32.lib /MANIFEST /MANIFESTUAC:"level='asInvoker' uiAccess='false'" /manifest:embed /DEBUG /PDB:"E:\Ostertag\Dropbox\Workspace\Hochschule\Informatik\Informatik_2\SpaceMarineSurvivor\Debug\SpaceMarineSurvivor.pdb" /TLBID:1 /DYNAMICBASE /NXCOMPAT /IMPLIB:"E:\Ostertag\Dropbox\Workspace\Hochschule\Informatik\Informatik_2\SpaceMarineSurvivor\Debug\SpaceMarineSurvivor.lib" /MACHINE:X86 Debug\SpaceMarineSurvivor.res
         Debug\Acid.obj
         Debug\Alien.obj
         Debug\LastStand.obj
         Debug\Blaster.obj
         Debug\ChainedList.obj
         Debug\ClawFang.obj
         Debug\Critter.obj
         Debug\DamageType.obj
         Debug\Energy.obj
         Debug\Gear.obj
         Debug\GUI.obj
         Debug\LaserRifle.obj
         Debug\Level.obj
         Debug\Physical.obj
         Debug\Pistol.obj
         Debug\Point.obj
         Debug\Protection.obj
         Debug\Room.obj
         Debug\Shield.obj
         Debug\ShootingRange.obj
         Debug\Shotgun.obj
         Debug\SpaceMarine.obj
         Debug\Spit.obj
         Debug\StoryMode.obj
         Debug\Sword.obj
         Debug\Main.obj
         Debug\Tools.obj
         Debug\TrainingTarget.obj
         Debug\Weapon.obj
         SpaceMarineSurvivor.vcxproj -> E:\Ostertag\Dropbox\Workspace\Hochschule\Informatik\Informatik_2\SpaceMarineSurvivor\Debug\SpaceMarineSurvivor.exe
     1>Die Erstellung des Projekts "E:\Ostertag\Dropbox\Workspace\Hochschule\Informatik\Informatik_2\SpaceMarineSurvivor\SpaceMarineSurvivor\SpaceMarineSurvivor.vcxproj" ist abgeschlossen, Build Ziel(e).

Build erfolgreich.

Verstrichene Zeit 00:00:01.02
